<?xml version="1.0" encoding="UTF-8"?>
<testsuite name="edu.cmu.sphinx.linguist.language.ngram.large.LargeNgramTest" tests="1" skipped="0" failures="0" errors="0" timestamp="2017-10-23T20:47:30" hostname="localhost" time="0.017">
  <properties/>
  <testcase name="testNgram" classname="edu.cmu.sphinx.linguist.language.ngram.large.LargeNgramTest" time="0.017"/>
  <system-out><![CDATA[]]></system-out>
  <system-err><![CDATA[Oct 23, 2017 1:47:30 PM edu.cmu.sphinx.linguist.dictionary.TextDictionary allocate
INFO: Loading dictionary from: file:/home/ducdao/IdeaProjects/Lexure/sphinx4/sphinx4-core/build/resources/test/edu/cmu/sphinx/linguist/language/ngram/large/100.dict
Oct 23, 2017 1:47:30 PM edu.cmu.sphinx.linguist.dictionary.TextDictionary allocate
INFO: Loading filler dictionary from: jar:file:/home/ducdao/IdeaProjects/Lexure/sphinx4/sphinx4-data/build/libs/sphinx4-data-5prealpha-SNAPSHOT.jar!/edu/cmu/sphinx/models/en-us/en-us/noisedict
Oct 23, 2017 1:47:30 PM edu.cmu.sphinx.linguist.language.ngram.large.LargeNGramModel allocate
INFO: Loading n-gram language model from: file:/home/ducdao/IdeaProjects/Lexure/sphinx4/sphinx4-core/build/resources/test/edu/cmu/sphinx/linguist/language/ngram/large/100.arpa.dmp
Oct 23, 2017 1:47:30 PM edu.cmu.sphinx.linguist.language.ngram.large.LargeNGramModel allocate
INFO: 1-grams: 9
Oct 23, 2017 1:47:30 PM edu.cmu.sphinx.linguist.language.ngram.large.LargeNGramModel allocate
INFO: 2-grams: 8
Oct 23, 2017 1:47:30 PM edu.cmu.sphinx.linguist.language.ngram.large.LargeNGramModel allocate
INFO: 3-grams: 6
]]></system-err>
</testsuite>
