<?xml version="1.0" encoding="UTF-8"?>
<testsuite name="edu.cmu.sphinx.api.LiveRecognizerTest" tests="2" skipped="0" failures="0" errors="0" timestamp="2017-10-23T20:47:41" hostname="localhost" time="27.141">
  <properties/>
  <testcase name="testGram" classname="edu.cmu.sphinx.api.LiveRecognizerTest" time="17.901"/>
  <testcase name="testLm" classname="edu.cmu.sphinx.api.LiveRecognizerTest" time="9.239"/>
  <system-out><![CDATA[]]></system-out>
  <system-err><![CDATA[13:47:42.301 INFO unitManager          CI Unit: *+NSN+
13:47:42.301 INFO unitManager          CI Unit: *+SPN+
13:47:42.302 INFO unitManager          CI Unit: AA
13:47:42.302 INFO unitManager          CI Unit: AE
13:47:42.302 INFO unitManager          CI Unit: AH
13:47:42.302 INFO unitManager          CI Unit: AO
13:47:42.302 INFO unitManager          CI Unit: AW
13:47:42.302 INFO unitManager          CI Unit: AY
13:47:42.302 INFO unitManager          CI Unit: B
13:47:42.302 INFO unitManager          CI Unit: CH
13:47:42.303 INFO unitManager          CI Unit: D
13:47:42.303 INFO unitManager          CI Unit: DH
13:47:42.303 INFO unitManager          CI Unit: EH
13:47:42.303 INFO unitManager          CI Unit: ER
13:47:42.303 INFO unitManager          CI Unit: EY
13:47:42.303 INFO unitManager          CI Unit: F
13:47:42.303 INFO unitManager          CI Unit: G
13:47:42.303 INFO unitManager          CI Unit: HH
13:47:42.303 INFO unitManager          CI Unit: IH
13:47:42.303 INFO unitManager          CI Unit: IY
13:47:42.304 INFO unitManager          CI Unit: JH
13:47:42.304 INFO unitManager          CI Unit: K
13:47:42.304 INFO unitManager          CI Unit: L
13:47:42.304 INFO unitManager          CI Unit: M
13:47:42.304 INFO unitManager          CI Unit: N
13:47:42.304 INFO unitManager          CI Unit: NG
13:47:42.304 INFO unitManager          CI Unit: OW
13:47:42.304 INFO unitManager          CI Unit: OY
13:47:42.304 INFO unitManager          CI Unit: P
13:47:42.304 INFO unitManager          CI Unit: R
13:47:42.305 INFO unitManager          CI Unit: S
13:47:42.305 INFO unitManager          CI Unit: SH
13:47:42.305 INFO unitManager          CI Unit: T
13:47:42.305 INFO unitManager          CI Unit: TH
13:47:42.305 INFO unitManager          CI Unit: UH
13:47:42.305 INFO unitManager          CI Unit: UW
13:47:42.305 INFO unitManager          CI Unit: V
13:47:42.305 INFO unitManager          CI Unit: W
13:47:42.305 INFO unitManager          CI Unit: Y
13:47:42.305 INFO unitManager          CI Unit: Z
13:47:42.305 INFO unitManager          CI Unit: ZH
13:47:43.163 INFO autoCepstrum         Cepstrum component auto-configured as follows: autoCepstrum {MelFrequencyFilterBank, Denoise, DiscreteCosineTransform2, Lifter}
13:47:43.165 INFO acousticModelLoader  Loading tied-state acoustic model from: jar:file:/home/ducdao/IdeaProjects/Lexure/sphinx4/sphinx4-data/build/libs/sphinx4-data-5prealpha-SNAPSHOT.jar!/edu/cmu/sphinx/models/en-us/en-us
13:47:43.165 INFO acousticModelLoader  Pool means Entries: 16128
13:47:43.165 INFO acousticModelLoader  Pool variances Entries: 16128
13:47:43.165 INFO acousticModelLoader  Pool transition_matrices Entries: 42
13:47:43.165 INFO acousticModelLoader  Pool senones Entries: 5126
13:47:43.165 INFO acousticModelLoader  Gaussian weights: mixture_weights. Entries: 15378
13:47:43.165 INFO acousticModelLoader  Pool senones Entries: 5126
13:47:43.165 INFO acousticModelLoader  Context Independent Unit Entries: 42
13:47:43.165 INFO acousticModelLoader  HMM Manager: 137095 hmms
13:47:43.165 INFO acousticModel        CompositeSenoneSequences: 0
13:47:43.166 INFO dictionary           Loading dictionary from: jar:file:/home/ducdao/IdeaProjects/Lexure/sphinx4/sphinx4-data/build/libs/sphinx4-data-5prealpha-SNAPSHOT.jar!/edu/cmu/sphinx/models/en-us/cmudict-en-us.dict
13:47:43.240 INFO dictionary           Loading filler dictionary from: jar:file:/home/ducdao/IdeaProjects/Lexure/sphinx4/sphinx4-data/build/libs/sphinx4-data-5prealpha-SNAPSHOT.jar!/edu/cmu/sphinx/models/en-us/en-us/noisedict
13:47:59.015 INFO grXmlGrammar         Num nodes : 41
13:47:59.015 INFO grXmlGrammar         Num arcs  : 73
13:47:59.016 INFO grXmlGrammar         Avg arcs  : 1.7804878
13:47:59.146 INFO speedTracker         # ----------------------------- Timers----------------------------------------
13:47:59.147 INFO speedTracker         # Name               Count   CurTime   MinTime   MaxTime   AvgTime   TotTime   
13:47:59.147 INFO speedTracker         Load Dictionary      1       0.0740s   0.0740s   0.0740s   0.0740s   0.0740s   
13:47:59.148 INFO speedTracker         Load AM              1       1.6340s   1.6340s   1.6340s   1.6340s   1.6340s   
13:47:59.148 INFO speedTracker         grammarLoad          1       15.7760s  15.7760s  15.7760s  15.7760s  15.7760s  
13:47:59.148 INFO speedTracker         Compile              1       0.1180s   0.1180s   0.1180s   0.1180s   0.1180s   
13:47:59.149 INFO speedTracker         Create States        1       0.0090s   0.0090s   0.0090s   0.0090s   0.0090s   
13:47:59.149 INFO speedTracker         Collect Contexts     1       0.0010s   0.0010s   0.0010s   0.0010s   0.0010s   
13:47:59.150 INFO speedTracker         Expand States        1       0.1000s   0.1000s   0.1000s   0.1000s   0.1000s   
13:47:59.150 INFO speedTracker         Connect Nodes        1       0.0020s   0.0020s   0.0020s   0.0020s   0.0020s   
13:47:59.150 INFO speedTracker         Load Dictionary      1       0.0740s   0.0740s   0.0740s   0.0740s   0.0740s   
13:47:59.413 INFO speedTracker            This  Time Audio: 1.85s  Proc: 0.24s  Speed: 0.13 X real time
13:47:59.413 INFO speedTracker            Total Time Audio: 1.85s  Proc: 0.24s 0.13 X real time
13:47:59.413 INFO memoryTracker           Mem  Total: 370.50 Mb  Free: 224.60 Mb
13:47:59.413 INFO memoryTracker           Used: This: 145.90 Mb  Avg: 145.90 Mb  Max: 145.90 Mb
13:48:00.206 INFO unitManager          CI Unit: *+NSN+
13:48:00.207 INFO unitManager          CI Unit: *+SPN+
13:48:00.207 INFO unitManager          CI Unit: AA
13:48:00.207 INFO unitManager          CI Unit: AE
13:48:00.207 INFO unitManager          CI Unit: AH
13:48:00.207 INFO unitManager          CI Unit: AO
13:48:00.207 INFO unitManager          CI Unit: AW
13:48:00.207 INFO unitManager          CI Unit: AY
13:48:00.207 INFO unitManager          CI Unit: B
13:48:00.208 INFO unitManager          CI Unit: CH
13:48:00.208 INFO unitManager          CI Unit: D
13:48:00.208 INFO unitManager          CI Unit: DH
13:48:00.208 INFO unitManager          CI Unit: EH
13:48:00.208 INFO unitManager          CI Unit: ER
13:48:00.208 INFO unitManager          CI Unit: EY
13:48:00.208 INFO unitManager          CI Unit: F
13:48:00.208 INFO unitManager          CI Unit: G
13:48:00.208 INFO unitManager          CI Unit: HH
13:48:00.208 INFO unitManager          CI Unit: IH
13:48:00.209 INFO unitManager          CI Unit: IY
13:48:00.209 INFO unitManager          CI Unit: JH
13:48:00.209 INFO unitManager          CI Unit: K
13:48:00.209 INFO unitManager          CI Unit: L
13:48:00.209 INFO unitManager          CI Unit: M
13:48:00.209 INFO unitManager          CI Unit: N
13:48:00.209 INFO unitManager          CI Unit: NG
13:48:00.209 INFO unitManager          CI Unit: OW
13:48:00.209 INFO unitManager          CI Unit: OY
13:48:00.209 INFO unitManager          CI Unit: P
13:48:00.209 INFO unitManager          CI Unit: R
13:48:00.210 INFO unitManager          CI Unit: S
13:48:00.210 INFO unitManager          CI Unit: SH
13:48:00.210 INFO unitManager          CI Unit: T
13:48:00.210 INFO unitManager          CI Unit: TH
13:48:00.210 INFO unitManager          CI Unit: UH
13:48:00.210 INFO unitManager          CI Unit: UW
13:48:00.210 INFO unitManager          CI Unit: V
13:48:00.210 INFO unitManager          CI Unit: W
13:48:00.210 INFO unitManager          CI Unit: Y
13:48:00.210 INFO unitManager          CI Unit: Z
13:48:00.210 INFO unitManager          CI Unit: ZH
13:48:00.721 INFO autoCepstrum         Cepstrum component auto-configured as follows: autoCepstrum {MelFrequencyFilterBank, Denoise, DiscreteCosineTransform2, Lifter}
13:48:00.727 INFO dictionary           Loading dictionary from: jar:file:/home/ducdao/IdeaProjects/Lexure/sphinx4/sphinx4-data/build/libs/sphinx4-data-5prealpha-SNAPSHOT.jar!/edu/cmu/sphinx/models/en-us/cmudict-en-us.dict
13:48:00.793 INFO dictionary           Loading filler dictionary from: jar:file:/home/ducdao/IdeaProjects/Lexure/sphinx4/sphinx4-data/build/libs/sphinx4-data-5prealpha-SNAPSHOT.jar!/edu/cmu/sphinx/models/en-us/en-us/noisedict
13:48:00.793 INFO acousticModelLoader  Loading tied-state acoustic model from: jar:file:/home/ducdao/IdeaProjects/Lexure/sphinx4/sphinx4-data/build/libs/sphinx4-data-5prealpha-SNAPSHOT.jar!/edu/cmu/sphinx/models/en-us/en-us
13:48:00.793 INFO acousticModelLoader  Pool means Entries: 16128
13:48:00.794 INFO acousticModelLoader  Pool variances Entries: 16128
13:48:00.794 INFO acousticModelLoader  Pool transition_matrices Entries: 42
13:48:00.794 INFO acousticModelLoader  Pool senones Entries: 5126
13:48:00.794 INFO acousticModelLoader  Gaussian weights: mixture_weights. Entries: 15378
13:48:00.794 INFO acousticModelLoader  Pool senones Entries: 5126
13:48:00.794 INFO acousticModelLoader  Context Independent Unit Entries: 42
13:48:00.794 INFO acousticModelLoader  HMM Manager: 137095 hmms
13:48:00.794 INFO acousticModel        CompositeSenoneSequences: 0
13:48:00.795 INFO trieNgramModel       Loading n-gram language model from: jar:file:/home/ducdao/IdeaProjects/Lexure/sphinx4/sphinx4-data/build/libs/sphinx4-data-5prealpha-SNAPSHOT.jar!/edu/cmu/sphinx/models/en-us/en-us.lm.bin
13:48:03.959 INFO lexTreeLinguist      Max CI Units 43
13:48:03.960 INFO lexTreeLinguist      Unit table size 79507
13:48:03.960 INFO speedTracker         # ----------------------------- Timers----------------------------------------
13:48:03.960 INFO speedTracker         # Name               Count   CurTime   MinTime   MaxTime   AvgTime   TotTime   
13:48:03.960 INFO speedTracker         Load LM              1       2.4470s   2.4470s   2.4470s   2.4470s   2.4470s   
13:48:03.960 INFO speedTracker         Load AM              1       1.2920s   1.2920s   1.2920s   1.2920s   1.2920s   
13:48:03.961 INFO speedTracker         Compile              1       0.7190s   0.7190s   0.7190s   0.7190s   0.7190s   
13:48:03.961 INFO speedTracker         Load Dictionary      1       0.0740s   0.0740s   0.0740s   0.0740s   0.0740s   
13:48:03.961 INFO speedTracker         Load Dictionary      1       0.0660s   0.0660s   0.0660s   0.0660s   0.0660s   
13:48:08.628 INFO speedTracker            This  Time Audio: 1.85s  Proc: 4.65s  Speed: 2.51 X real time
13:48:08.628 INFO speedTracker            Total Time Audio: 1.85s  Proc: 4.65s 2.51 X real time
13:48:08.628 INFO memoryTracker           Mem  Total: 492.50 Mb  Free: 163.09 Mb
13:48:08.629 INFO memoryTracker           Used: This: 329.41 Mb  Avg: 329.41 Mb  Max: 329.41 Mb
13:48:08.629 INFO trieNgramModel       LM Cache Size: 5478 Hits: 866922 Misses: 5478
]]></system-err>
</testsuite>
