<?xml version="1.0" encoding="UTF-8"?>
<testsuite name="edu.cmu.sphinx.linguist.language.ngram.DynamicTrigramModelTest" tests="3" skipped="0" failures="0" errors="0" timestamp="2017-10-23T20:47:29" hostname="localhost" time="0.034">
  <properties/>
  <testcase name="bigramModel" classname="edu.cmu.sphinx.linguist.language.ngram.DynamicTrigramModelTest" time="0.028"/>
  <testcase name="trigramModel" classname="edu.cmu.sphinx.linguist.language.ngram.DynamicTrigramModelTest" time="0.003"/>
  <testcase name="unigramModel" classname="edu.cmu.sphinx.linguist.language.ngram.DynamicTrigramModelTest" time="0.002"/>
  <system-out><![CDATA[]]></system-out>
  <system-err><![CDATA[Oct 23, 2017 1:47:29 PM edu.cmu.sphinx.linguist.acoustic.UnitManager getUnit
INFO: CI Unit: W
Oct 23, 2017 1:47:29 PM edu.cmu.sphinx.linguist.acoustic.UnitManager getUnit
INFO: CI Unit: AH
Oct 23, 2017 1:47:29 PM edu.cmu.sphinx.linguist.acoustic.UnitManager getUnit
INFO: CI Unit: N
Oct 23, 2017 1:47:29 PM edu.cmu.sphinx.linguist.acoustic.UnitManager getUnit
INFO: CI Unit: HH
Oct 23, 2017 1:47:29 PM edu.cmu.sphinx.linguist.acoustic.UnitManager getUnit
INFO: CI Unit: T
Oct 23, 2017 1:47:29 PM edu.cmu.sphinx.linguist.acoustic.UnitManager getUnit
INFO: CI Unit: UW
Oct 23, 2017 1:47:29 PM edu.cmu.sphinx.linguist.acoustic.UnitManager getUnit
INFO: CI Unit: TH
Oct 23, 2017 1:47:29 PM edu.cmu.sphinx.linguist.acoustic.UnitManager getUnit
INFO: CI Unit: R
Oct 23, 2017 1:47:29 PM edu.cmu.sphinx.linguist.acoustic.UnitManager getUnit
INFO: CI Unit: IY
]]></system-err>
</testsuite>
