<?xml version="1.0" encoding="UTF-8"?>
<testsuite name="edu.cmu.sphinx.frontend.FrontendElementTest" tests="7" skipped="0" failures="0" errors="0" timestamp="2017-10-23T20:47:29" hostname="localhost" time="0.811">
  <properties/>
  <testcase name="testElement[0](preempTest, after-preemp.dump)" classname="edu.cmu.sphinx.frontend.FrontendElementTest" time="0.395"/>
  <testcase name="testElement[1](windowTest, after-window.dump)" classname="edu.cmu.sphinx.frontend.FrontendElementTest" time="0.182"/>
  <testcase name="testElement[2](fftTest, after-fft.dump)" classname="edu.cmu.sphinx.frontend.FrontendElementTest" time="0.077"/>
  <testcase name="testElement[3](melTest, after-mel.dump)" classname="edu.cmu.sphinx.frontend.FrontendElementTest" time="0.03"/>
  <testcase name="testElement[4](dctTest, after-dct.dump)" classname="edu.cmu.sphinx.frontend.FrontendElementTest" time="0.035"/>
  <testcase name="testElement[5](cmnTest, after-cmn.dump)" classname="edu.cmu.sphinx.frontend.FrontendElementTest" time="0.037"/>
  <testcase name="testElement[6](feTest, after-feature.dump)" classname="edu.cmu.sphinx.frontend.FrontendElementTest" time="0.054"/>
  <system-out><![CDATA[]]></system-out>
  <system-err><![CDATA[]]></system-err>
</testsuite>
