<?xml version="1.0" encoding="UTF-8"?>
<testsuite name="edu.cmu.sphinx.decoder.search.test.PartitionerTest" tests="2" skipped="0" failures="0" errors="0" timestamp="2017-10-23T20:48:09" hostname="localhost" time="0.081">
  <properties/>
  <testcase name="testPartitionOrders" classname="edu.cmu.sphinx.decoder.search.test.PartitionerTest" time="0.067"/>
  <testcase name="testPartitionSizes" classname="edu.cmu.sphinx.decoder.search.test.PartitionerTest" time="0.014"/>
  <system-out><![CDATA[]]></system-out>
  <system-err><![CDATA[]]></system-err>
</testsuite>
