<?xml version="1.0" encoding="UTF-8"?>
<testsuite name="edu.cmu.sphinx.util.props.ComponentListTests" tests="1" skipped="0" failures="0" errors="0" timestamp="2017-10-23T20:47:29" hostname="localhost" time="0.0">
  <properties/>
  <testcase name="testInvalidList" classname="edu.cmu.sphinx.util.props.ComponentListTests" time="0.0"/>
  <system-out><![CDATA[]]></system-out>
  <system-err><![CDATA[]]></system-err>
</testsuite>
