<?xml version="1.0" encoding="UTF-8"?>
<testsuite name="edu.cmu.sphinx.alignment.SpeechAlignerTest" tests="1" skipped="0" failures="0" errors="0" timestamp="2017-10-23T20:48:10" hostname="localhost" time="0.005">
  <properties/>
  <testcase name="shouldAlignText" classname="edu.cmu.sphinx.alignment.SpeechAlignerTest" time="0.005"/>
  <system-out><![CDATA[]]></system-out>
  <system-err><![CDATA[]]></system-err>
</testsuite>
