<?xml version="1.0" encoding="UTF-8"?>
<testsuite name="edu.cmu.sphinx.tools.bandwidth.BandDetectorTest" tests="1" skipped="0" failures="0" errors="0" timestamp="2017-10-23T20:47:28" hostname="localhost" time="0.181">
  <properties/>
  <testcase name="test" classname="edu.cmu.sphinx.tools.bandwidth.BandDetectorTest" time="0.181"/>
  <system-out><![CDATA[]]></system-out>
  <system-err><![CDATA[]]></system-err>
</testsuite>
