<?xml version="1.0" encoding="UTF-8"?>
<testsuite name="edu.cmu.sphinx.fst.RmEpsilonTest" tests="1" skipped="0" failures="0" errors="0" timestamp="2017-10-23T20:48:09" hostname="localhost" time="0.007">
  <properties/>
  <testcase name="testRmEpsilon" classname="edu.cmu.sphinx.fst.RmEpsilonTest" time="0.007"/>
  <system-out><![CDATA[]]></system-out>
  <system-err><![CDATA[Load Time: 0.001
]]></system-err>
</testsuite>
