<?xml version="1.0" encoding="UTF-8"?>
<testsuite name="edu.cmu.sphinx.decoder.scorer.ScorerTests" tests="2" skipped="0" failures="0" errors="0" timestamp="2017-10-23T20:48:09" hostname="localhost" time="1.033">
  <properties/>
  <testcase name="testThreadedScorerDeallocation" classname="edu.cmu.sphinx.decoder.scorer.ScorerTests" time="1.016"/>
  <testcase name="waitUntilSpeechStart" classname="edu.cmu.sphinx.decoder.scorer.ScorerTests" time="0.017"/>
  <system-out><![CDATA[]]></system-out>
  <system-err><![CDATA[testing: SimpleAcousticScorer
testing: ThreadedAcousticScorer
]]></system-err>
</testsuite>
