<?xml version="1.0" encoding="UTF-8"?>
<testsuite name="edu.cmu.sphinx.fst.DeterminizeTest" tests="1" skipped="0" failures="0" errors="0" timestamp="2017-10-23T20:47:29" hostname="localhost" time="0.005">
  <properties/>
  <testcase name="testDeterminize" classname="edu.cmu.sphinx.fst.DeterminizeTest" time="0.005"/>
  <system-out><![CDATA[]]></system-out>
  <system-err><![CDATA[Load Time: 0.001
]]></system-err>
</testsuite>
