<?xml version="1.0" encoding="UTF-8"?>
<testsuite name="edu.cmu.sphinx.linguist.language.grammar.FSTGrammarTest" tests="1" skipped="0" failures="0" errors="0" timestamp="2017-10-23T20:47:29" hostname="localhost" time="0.009">
  <properties/>
  <testcase name="testForcedAlignerGrammar" classname="edu.cmu.sphinx.linguist.language.grammar.FSTGrammarTest" time="0.009"/>
  <system-out><![CDATA[]]></system-out>
  <system-err><![CDATA[Oct 23, 2017 1:47:29 PM edu.cmu.sphinx.linguist.dictionary.TextDictionary allocate
INFO: Loading dictionary from: file:/home/ducdao/IdeaProjects/Lexure/sphinx4/sphinx4-core/build/resources/test/edu/cmu/sphinx/linguist/language/grammar/FSTGrammarTest.dic
Oct 23, 2017 1:47:29 PM edu.cmu.sphinx.linguist.dictionary.TextDictionary allocate
INFO: Loading filler dictionary from: jar:file:/home/ducdao/IdeaProjects/Lexure/sphinx4/sphinx4-data/build/libs/sphinx4-data-5prealpha-SNAPSHOT.jar!/edu/cmu/sphinx/models/en-us/en-us/noisedict
]]></system-err>
</testsuite>
