<?xml version="1.0" encoding="UTF-8"?>
<testsuite name="edu.cmu.sphinx.util.props.DummyComp" tests="3" skipped="0" failures="0" errors="0" timestamp="2017-10-23T20:47:29" hostname="localhost" time="0.006">
  <properties/>
  <testcase name="testCustomizedDefaultInstance" classname="edu.cmu.sphinx.util.props.DummyComp" time="0.001"/>
  <testcase name="testGetDefaultInstance" classname="edu.cmu.sphinx.util.props.DummyComp" time="0.001"/>
  <testcase name="testUseXmlConfig" classname="edu.cmu.sphinx.util.props.DummyComp" time="0.003"/>
  <system-out><![CDATA[]]></system-out>
  <system-err><![CDATA[]]></system-err>
</testsuite>
