<?xml version="1.0" encoding="UTF-8"?>
<testsuite name="edu.cmu.sphinx.util.props.ConfigurationManagerTest" tests="6" skipped="0" failures="0" errors="0" timestamp="2017-10-23T20:47:29" hostname="localhost" time="0.037">
  <properties/>
  <testcase name="testDynamicConfCreation" classname="edu.cmu.sphinx.util.props.ConfigurationManagerTest" time="0.001"/>
  <testcase name="testDynamicConfiguruationChange" classname="edu.cmu.sphinx.util.props.ConfigurationManagerTest" time="0.009"/>
  <testcase name="testGetComponentClass" classname="edu.cmu.sphinx.util.props.ConfigurationManagerTest" time="0.008"/>
  <testcase name="testSerialization" classname="edu.cmu.sphinx.util.props.ConfigurationManagerTest" time="0.01"/>
  <testcase name="testSerializeDynamicConfiguration" classname="edu.cmu.sphinx.util.props.ConfigurationManagerTest" time="0.002"/>
  <testcase name="testXmlExtendedConfiguration" classname="edu.cmu.sphinx.util.props.ConfigurationManagerTest" time="0.006"/>
  <system-out><![CDATA[]]></system-out>
  <system-err><![CDATA[]]></system-err>
</testsuite>
