<?xml version="1.0" encoding="UTF-8"?>
<testsuite name="edu.cmu.sphinx.result.PosteriorTest" tests="1" skipped="0" failures="0" errors="0" timestamp="2017-10-23T20:48:09" hostname="localhost" time="0.0">
  <properties/>
  <testcase name="testPosterior" classname="edu.cmu.sphinx.result.PosteriorTest" time="0.0"/>
  <system-out><![CDATA[]]></system-out>
  <system-err><![CDATA[]]></system-err>
</testsuite>
