<?xml version="1.0" encoding="UTF-8"?>
<testsuite name="edu.cmu.sphinx.fst.ArcSortTest" tests="1" skipped="0" failures="0" errors="0" timestamp="2017-10-23T20:47:28" hostname="localhost" time="0.009">
  <properties/>
  <testcase name="testArcSort" classname="edu.cmu.sphinx.fst.ArcSortTest" time="0.009"/>
  <system-out><![CDATA[]]></system-out>
  <system-err><![CDATA[]]></system-err>
</testsuite>
