<?xml version="1.0" encoding="UTF-8"?>
<testsuite name="edu.cmu.sphinx.fst.ImportTest" tests="1" skipped="0" failures="0" errors="0" timestamp="2017-10-23T20:47:30" hostname="localhost" time="0.002">
  <properties/>
  <testcase name="testConvert" classname="edu.cmu.sphinx.fst.ImportTest" time="0.002"/>
  <system-out><![CDATA[]]></system-out>
  <system-err><![CDATA[Load Time: 0.001
]]></system-err>
</testsuite>
