<?xml version="1.0" encoding="UTF-8"?>
<testsuite name="edu.cmu.sphinx.frontend.RandomSampleRepeater" tests="3" skipped="0" failures="0" errors="0" timestamp="2017-10-23T20:48:09" hostname="localhost" time="0.003">
  <properties/>
  <testcase name="testInsertAt4 on RandomSampleRepeater" classname="edu.cmu.sphinx.frontend.RandomSampleRepeater" time="0.001"/>
  <testcase name="testInsertAtBlockEnd on RandomSampleRepeater" classname="edu.cmu.sphinx.frontend.RandomSampleRepeater" time="0.0"/>
  <testcase name="testInsertAtZero on RandomSampleRepeater" classname="edu.cmu.sphinx.frontend.RandomSampleRepeater" time="0.001"/>
  <system-out><![CDATA[]]></system-out>
  <system-err><![CDATA[]]></system-err>
</testsuite>
