<?xml version="1.0" encoding="UTF-8"?>
<testsuite name="edu.cmu.sphinx.result.LatticeIOTest" tests="1" skipped="0" failures="0" errors="0" timestamp="2017-10-23T20:47:36" hostname="localhost" time="4.628">
  <properties/>
  <testcase name="testLatticeIO" classname="edu.cmu.sphinx.result.LatticeIOTest" time="4.628"/>
  <system-out><![CDATA[]]></system-out>
  <system-err><![CDATA[13:47:37.740 INFO unitManager          CI Unit: *+NSN+
13:47:37.740 INFO unitManager          CI Unit: *+SPN+
13:47:37.740 INFO unitManager          CI Unit: AA
13:47:37.740 INFO unitManager          CI Unit: AE
13:47:37.741 INFO unitManager          CI Unit: AH
13:47:37.741 INFO unitManager          CI Unit: AO
13:47:37.741 INFO unitManager          CI Unit: AW
13:47:37.741 INFO unitManager          CI Unit: AY
13:47:37.741 INFO unitManager          CI Unit: B
13:47:37.742 INFO unitManager          CI Unit: CH
13:47:37.742 INFO unitManager          CI Unit: D
13:47:37.742 INFO unitManager          CI Unit: DH
13:47:37.742 INFO unitManager          CI Unit: EH
13:47:37.742 INFO unitManager          CI Unit: ER
13:47:37.742 INFO unitManager          CI Unit: EY
13:47:37.742 INFO unitManager          CI Unit: F
13:47:37.743 INFO unitManager          CI Unit: G
13:47:37.743 INFO unitManager          CI Unit: HH
13:47:37.743 INFO unitManager          CI Unit: IH
13:47:37.743 INFO unitManager          CI Unit: IY
13:47:37.743 INFO unitManager          CI Unit: JH
13:47:37.744 INFO unitManager          CI Unit: K
13:47:37.744 INFO unitManager          CI Unit: L
13:47:37.744 INFO unitManager          CI Unit: M
13:47:37.744 INFO unitManager          CI Unit: N
13:47:37.744 INFO unitManager          CI Unit: NG
13:47:37.744 INFO unitManager          CI Unit: OW
13:47:37.744 INFO unitManager          CI Unit: OY
13:47:37.745 INFO unitManager          CI Unit: P
13:47:37.745 INFO unitManager          CI Unit: R
13:47:37.745 INFO unitManager          CI Unit: S
13:47:37.745 INFO unitManager          CI Unit: SH
13:47:37.745 INFO unitManager          CI Unit: T
13:47:37.745 INFO unitManager          CI Unit: TH
13:47:37.745 INFO unitManager          CI Unit: UH
13:47:37.745 INFO unitManager          CI Unit: UW
13:47:37.746 INFO unitManager          CI Unit: V
13:47:37.746 INFO unitManager          CI Unit: W
13:47:37.746 INFO unitManager          CI Unit: Y
13:47:37.746 INFO unitManager          CI Unit: Z
13:47:37.746 INFO unitManager          CI Unit: ZH
13:47:38.714 INFO autoCepstrum         Cepstrum component auto-configured as follows: autoCepstrum {MelFrequencyFilterBank, Denoise, DiscreteCosineTransform2, Lifter}
13:47:38.722 INFO dictionary           Loading dictionary from: jar:file:/home/ducdao/IdeaProjects/Lexure/sphinx4/sphinx4-data/build/libs/sphinx4-data-5prealpha-SNAPSHOT.jar!/edu/cmu/sphinx/models/en-us/cmudict-en-us.dict
13:47:38.826 INFO dictionary           Loading filler dictionary from: jar:file:/home/ducdao/IdeaProjects/Lexure/sphinx4/sphinx4-data/build/libs/sphinx4-data-5prealpha-SNAPSHOT.jar!/edu/cmu/sphinx/models/en-us/en-us/noisedict
13:47:38.826 INFO acousticModelLoader  Loading tied-state acoustic model from: jar:file:/home/ducdao/IdeaProjects/Lexure/sphinx4/sphinx4-data/build/libs/sphinx4-data-5prealpha-SNAPSHOT.jar!/edu/cmu/sphinx/models/en-us/en-us
13:47:38.827 INFO acousticModelLoader  Pool means Entries: 16128
13:47:38.827 INFO acousticModelLoader  Pool variances Entries: 16128
13:47:38.827 INFO acousticModelLoader  Pool transition_matrices Entries: 42
13:47:38.827 INFO acousticModelLoader  Pool senones Entries: 5126
13:47:38.827 INFO acousticModelLoader  Gaussian weights: mixture_weights. Entries: 15378
13:47:38.827 INFO acousticModelLoader  Pool senones Entries: 5126
13:47:38.827 INFO acousticModelLoader  Context Independent Unit Entries: 42
13:47:38.827 INFO acousticModelLoader  HMM Manager: 137095 hmms
13:47:38.828 INFO acousticModel        CompositeSenoneSequences: 0
13:47:40.028 INFO lexTreeLinguist      Max CI Units 43
13:47:40.028 INFO lexTreeLinguist      Unit table size 79507
13:47:40.029 INFO speedTracker         # ----------------------------- Timers----------------------------------------
13:47:40.029 INFO speedTracker         # Name               Count   CurTime   MinTime   MaxTime   AvgTime   TotTime   
13:47:40.029 INFO speedTracker         Load Dictionary      1       0.0740s   0.0740s   0.0740s   0.0740s   0.0740s   
13:47:40.030 INFO speedTracker         Load AM              1       1.8150s   1.8150s   1.8150s   1.8150s   1.8150s   
13:47:40.030 INFO speedTracker         Compile              1       1.1880s   1.1880s   1.1880s   1.1880s   1.1880s   
13:47:40.030 INFO speedTracker         Load Dictionary      1       0.1040s   0.1040s   0.1040s   0.1040s   0.1040s   
13:47:41.460 INFO speedTracker            This  Time Audio: 1.64s  Proc: 1.41s  Speed: 0.86 X real time
13:47:41.461 INFO speedTracker            Total Time Audio: 1.64s  Proc: 1.41s 0.86 X real time
13:47:41.461 INFO memoryTracker           Mem  Total: 408.50 Mb  Free: 240.67 Mb
13:47:41.461 INFO memoryTracker           Used: This: 167.83 Mb  Avg: 167.83 Mb  Max: 167.83 Mb
Loading from /home/ducdao/IdeaProjects/Lexure/sphinx4/sphinx4-core/tmp.lat
]]></system-err>
</testsuite>
