<?xml version="1.0" encoding="UTF-8"?>
<testsuite name="edu.cmu.sphinx.frontend.DataBlockerTest" tests="3" skipped="0" failures="0" errors="0" timestamp="2017-10-23T20:47:29" hostname="localhost" time="0.003">
  <properties/>
  <testcase name="skipLastSamples on DataBlockerTest" classname="edu.cmu.sphinx.frontend.DataBlockerTest" time="0.001"/>
  <testcase name="testLongInput on DataBlockerTest" classname="edu.cmu.sphinx.frontend.DataBlockerTest" time="0.001"/>
  <testcase name="testUsualInput on DataBlockerTest" classname="edu.cmu.sphinx.frontend.DataBlockerTest" time="0.001"/>
  <system-out><![CDATA[]]></system-out>
  <system-err><![CDATA[]]></system-err>
</testsuite>
